{"/media/redha/DATA1/Journey After Graduate/skill-test-hpai/app.js": {"path":"/media/redha/DATA1/Journey After Graduate/skill-test-hpai/app.js","statementMap":{"0":{"start":{"line":1,"column":16},"end":{"line":1,"column":34}},"1":{"start":{"line":2,"column":13},"end":{"line":2,"column":28}},"2":{"start":{"line":3,"column":21},"end":{"line":3,"column":45}},"3":{"start":{"line":4,"column":15},"end":{"line":4,"column":32}},"4":{"start":{"line":6,"column":20},"end":{"line":6,"column":45}},"5":{"start":{"line":8,"column":12},"end":{"line":8,"column":21}},"6":{"start":{"line":10,"column":0},"end":{"line":10,"column":23}},"7":{"start":{"line":11,"column":0},"end":{"line":11,"column":24}},"8":{"start":{"line":12,"column":0},"end":{"line":12,"column":49}},"9":{"start":{"line":13,"column":0},"end":{"line":13,"column":24}},"10":{"start":{"line":14,"column":0},"end":{"line":14,"column":56}},"11":{"start":{"line":16,"column":0},"end":{"line":16,"column":29}},"12":{"start":{"line":18,"column":0},"end":{"line":18,"column":21}}},"fnMap":{},"branchMap":{},"s":{"0":5,"1":5,"2":5,"3":5,"4":5,"5":5,"6":5,"7":5,"8":5,"9":5,"10":5,"11":5,"12":5},"f":{},"b":{},"_coverageSchema":"1a1c01bbd47fc00a2c39e90264f33305004495a9","hash":"6ccb81645057f35cfe9eb44d95ad5b97d32c6acf"}
,"/media/redha/DATA1/Journey After Graduate/skill-test-hpai/config/config.js": {"path":"/media/redha/DATA1/Journey After Graduate/skill-test-hpai/config/config.js","statementMap":{"0":{"start":{"line":1,"column":0},"end":{"line":1,"column":27}},"1":{"start":{"line":3,"column":47},"end":{"line":3,"column":58}},"2":{"start":{"line":4,"column":0},"end":{"line":26,"column":2}}},"fnMap":{},"branchMap":{},"s":{"0":5,"1":5,"2":5},"f":{},"b":{},"_coverageSchema":"1a1c01bbd47fc00a2c39e90264f33305004495a9","hash":"fc0806632e22d10f1e60013f1e731cc6e3b34c67"}
,"/media/redha/DATA1/Journey After Graduate/skill-test-hpai/middlewares/permission.js": {"path":"/media/redha/DATA1/Journey After Graduate/skill-test-hpai/middlewares/permission.js","statementMap":{"0":{"start":{"line":1,"column":0},"end":{"line":13,"column":2}},"1":{"start":{"line":2,"column":2},"end":{"line":12,"column":4}},"2":{"start":{"line":3,"column":17},"end":{"line":3,"column":30}},"3":{"start":{"line":4,"column":4},"end":{"line":9,"column":5}},"4":{"start":{"line":5,"column":6},"end":{"line":8,"column":9}},"5":{"start":{"line":11,"column":4},"end":{"line":11,"column":18}}},"fnMap":{"0":{"name":"(anonymous_0)","decl":{"start":{"line":1,"column":17},"end":{"line":1,"column":18}},"loc":{"start":{"line":1,"column":31},"end":{"line":13,"column":1}},"line":1},"1":{"name":"(anonymous_1)","decl":{"start":{"line":2,"column":9},"end":{"line":2,"column":10}},"loc":{"start":{"line":2,"column":29},"end":{"line":12,"column":3}},"line":2}},"branchMap":{"0":{"loc":{"start":{"line":4,"column":4},"end":{"line":9,"column":5}},"type":"if","locations":[{"start":{"line":4,"column":4},"end":{"line":9,"column":5}},{"start":{},"end":{}}],"line":4}},"s":{"0":5,"1":15,"2":3,"3":3,"4":0,"5":3},"f":{"0":15,"1":3},"b":{"0":[0,3]},"_coverageSchema":"1a1c01bbd47fc00a2c39e90264f33305004495a9","hash":"26278a92b50bab5b12fe4747be4d2870d2be0256"}
,"/media/redha/DATA1/Journey After Graduate/skill-test-hpai/middlewares/verifyToken.js": {"path":"/media/redha/DATA1/Journey After Graduate/skill-test-hpai/middlewares/verifyToken.js","statementMap":{"0":{"start":{"line":1,"column":12},"end":{"line":1,"column":35}},"1":{"start":{"line":2,"column":17},"end":{"line":2,"column":37}},"2":{"start":{"line":3,"column":23},"end":{"line":3,"column":34}},"3":{"start":{"line":5,"column":0},"end":{"line":29,"column":2}},"4":{"start":{"line":6,"column":2},"end":{"line":28,"column":3}},"5":{"start":{"line":7,"column":4},"end":{"line":9,"column":5}},"6":{"start":{"line":8,"column":6},"end":{"line":8,"column":50}},"7":{"start":{"line":10,"column":18},"end":{"line":10,"column":74}},"8":{"start":{"line":11,"column":19},"end":{"line":11,"column":48}},"9":{"start":{"line":13,"column":17},"end":{"line":17,"column":6}},"10":{"start":{"line":18,"column":4},"end":{"line":20,"column":5}},"11":{"start":{"line":19,"column":6},"end":{"line":19,"column":34}},"12":{"start":{"line":22,"column":4},"end":{"line":22,"column":22}},"13":{"start":{"line":23,"column":4},"end":{"line":23,"column":18}},"14":{"start":{"line":25,"column":4},"end":{"line":27,"column":7}}},"fnMap":{"0":{"name":"(anonymous_0)","decl":{"start":{"line":5,"column":17},"end":{"line":5,"column":18}},"loc":{"start":{"line":5,"column":43},"end":{"line":29,"column":1}},"line":5}},"branchMap":{"0":{"loc":{"start":{"line":7,"column":4},"end":{"line":9,"column":5}},"type":"if","locations":[{"start":{"line":7,"column":4},"end":{"line":9,"column":5}},{"start":{},"end":{}}],"line":7},"1":{"loc":{"start":{"line":18,"column":4},"end":{"line":20,"column":5}},"type":"if","locations":[{"start":{"line":18,"column":4},"end":{"line":20,"column":5}},{"start":{},"end":{}}],"line":18}},"s":{"0":5,"1":5,"2":5,"3":5,"4":3,"5":3,"6":0,"7":3,"8":3,"9":3,"10":3,"11":0,"12":3,"13":3,"14":0},"f":{"0":3},"b":{"0":[0,3],"1":[0,3]},"_coverageSchema":"1a1c01bbd47fc00a2c39e90264f33305004495a9","hash":"37a7c36b5ab9a2edc7af8effe66ecabe93c2ced3"}
,"/media/redha/DATA1/Journey After Graduate/skill-test-hpai/models/User.js": {"path":"/media/redha/DATA1/Journey After Graduate/skill-test-hpai/models/User.js","statementMap":{"0":{"start":{"line":1,"column":0},"end":{"line":47,"column":2}},"1":{"start":{"line":2,"column":15},"end":{"line":44,"column":3}},"2":{"start":{"line":46,"column":2},"end":{"line":46,"column":14}}},"fnMap":{"0":{"name":"(anonymous_0)","decl":{"start":{"line":1,"column":17},"end":{"line":1,"column":18}},"loc":{"start":{"line":1,"column":42},"end":{"line":47,"column":1}},"line":1}},"branchMap":{},"s":{"0":5,"1":5,"2":5},"f":{"0":5},"b":{},"_coverageSchema":"1a1c01bbd47fc00a2c39e90264f33305004495a9","hash":"159ba1ee326b55275b1d5fb21457b75011b049b8"}
,"/media/redha/DATA1/Journey After Graduate/skill-test-hpai/models/index.js": {"path":"/media/redha/DATA1/Journey After Graduate/skill-test-hpai/models/index.js","statementMap":{"0":{"start":{"line":3,"column":11},"end":{"line":3,"column":24}},"1":{"start":{"line":4,"column":13},"end":{"line":4,"column":28}},"2":{"start":{"line":5,"column":18},"end":{"line":5,"column":38}},"3":{"start":{"line":6,"column":16},"end":{"line":6,"column":34}},"4":{"start":{"line":7,"column":17},"end":{"line":7,"column":42}},"5":{"start":{"line":8,"column":12},"end":{"line":8,"column":49}},"6":{"start":{"line":9,"column":15},"end":{"line":9,"column":63}},"7":{"start":{"line":10,"column":11},"end":{"line":10,"column":13}},"8":{"start":{"line":13,"column":0},"end":{"line":17,"column":1}},"9":{"start":{"line":14,"column":2},"end":{"line":14,"column":74}},"10":{"start":{"line":16,"column":2},"end":{"line":16,"column":87}},"11":{"start":{"line":19,"column":0},"end":{"line":27,"column":5}},"12":{"start":{"line":22,"column":4},"end":{"line":22,"column":90}},"13":{"start":{"line":25,"column":18},"end":{"line":25,"column":85}},"14":{"start":{"line":26,"column":4},"end":{"line":26,"column":27}},"15":{"start":{"line":29,"column":0},"end":{"line":33,"column":3}},"16":{"start":{"line":30,"column":2},"end":{"line":32,"column":3}},"17":{"start":{"line":31,"column":4},"end":{"line":31,"column":32}},"18":{"start":{"line":35,"column":0},"end":{"line":35,"column":25}},"19":{"start":{"line":36,"column":0},"end":{"line":36,"column":25}},"20":{"start":{"line":38,"column":0},"end":{"line":38,"column":20}}},"fnMap":{"0":{"name":"(anonymous_0)","decl":{"start":{"line":21,"column":10},"end":{"line":21,"column":11}},"loc":{"start":{"line":21,"column":18},"end":{"line":23,"column":3}},"line":21},"1":{"name":"(anonymous_1)","decl":{"start":{"line":24,"column":11},"end":{"line":24,"column":12}},"loc":{"start":{"line":24,"column":19},"end":{"line":27,"column":3}},"line":24},"2":{"name":"(anonymous_2)","decl":{"start":{"line":29,"column":24},"end":{"line":29,"column":25}},"loc":{"start":{"line":29,"column":37},"end":{"line":33,"column":1}},"line":29}},"branchMap":{"0":{"loc":{"start":{"line":8,"column":12},"end":{"line":8,"column":49}},"type":"binary-expr","locations":[{"start":{"line":8,"column":12},"end":{"line":8,"column":32}},{"start":{"line":8,"column":36},"end":{"line":8,"column":49}}],"line":8},"1":{"loc":{"start":{"line":13,"column":0},"end":{"line":17,"column":1}},"type":"if","locations":[{"start":{"line":13,"column":0},"end":{"line":17,"column":1}},{"start":{"line":15,"column":7},"end":{"line":17,"column":1}}],"line":13},"2":{"loc":{"start":{"line":22,"column":11},"end":{"line":22,"column":89}},"type":"binary-expr","locations":[{"start":{"line":22,"column":12},"end":{"line":22,"column":35}},{"start":{"line":22,"column":41},"end":{"line":22,"column":58}},{"start":{"line":22,"column":64},"end":{"line":22,"column":88}}],"line":22},"3":{"loc":{"start":{"line":30,"column":2},"end":{"line":32,"column":3}},"type":"if","locations":[{"start":{"line":30,"column":2},"end":{"line":32,"column":3}},{"start":{},"end":{}}],"line":30}},"s":{"0":5,"1":5,"2":5,"3":5,"4":5,"5":5,"6":5,"7":5,"8":5,"9":0,"10":5,"11":5,"12":10,"13":5,"14":5,"15":5,"16":5,"17":0,"18":5,"19":5,"20":5},"f":{"0":10,"1":5,"2":5},"b":{"0":[5,0],"1":[0,5],"2":[10,10,5],"3":[0,5]},"_coverageSchema":"1a1c01bbd47fc00a2c39e90264f33305004495a9","hash":"c94f7094544b9b015802b7f41c6d054dbc1a7ae2"}
,"/media/redha/DATA1/Journey After Graduate/skill-test-hpai/routes/users.js": {"path":"/media/redha/DATA1/Journey After Graduate/skill-test-hpai/routes/users.js","statementMap":{"0":{"start":{"line":1,"column":16},"end":{"line":1,"column":34}},"1":{"start":{"line":2,"column":15},"end":{"line":2,"column":31}},"2":{"start":{"line":3,"column":20},"end":{"line":3,"column":45}},"3":{"start":{"line":4,"column":20},"end":{"line":4,"column":57}},"4":{"start":{"line":5,"column":19},"end":{"line":5,"column":55}},"5":{"start":{"line":7,"column":0},"end":{"line":7,"column":75}},"6":{"start":{"line":8,"column":0},"end":{"line":8,"column":44}},"7":{"start":{"line":9,"column":0},"end":{"line":9,"column":76}},"8":{"start":{"line":10,"column":0},"end":{"line":10,"column":80}},"9":{"start":{"line":11,"column":0},"end":{"line":11,"column":41}},"10":{"start":{"line":13,"column":0},"end":{"line":13,"column":24}}},"fnMap":{},"branchMap":{},"s":{"0":5,"1":5,"2":5,"3":5,"4":5,"5":5,"6":5,"7":5,"8":5,"9":5,"10":5},"f":{},"b":{},"_coverageSchema":"1a1c01bbd47fc00a2c39e90264f33305004495a9","hash":"e2e682746b4af1528152c0b5754c902433791faa"}
,"/media/redha/DATA1/Journey After Graduate/skill-test-hpai/routes/handler/user/delete.js": {"path":"/media/redha/DATA1/Journey After Graduate/skill-test-hpai/routes/handler/user/delete.js","statementMap":{"0":{"start":{"line":1,"column":17},"end":{"line":1,"column":43}},"1":{"start":{"line":3,"column":0},"end":{"line":29,"column":2}},"2":{"start":{"line":4,"column":2},"end":{"line":28,"column":3}},"3":{"start":{"line":5,"column":19},"end":{"line":5,"column":32}},"4":{"start":{"line":6,"column":17},"end":{"line":10,"column":6}},"5":{"start":{"line":11,"column":4},"end":{"line":15,"column":5}},"6":{"start":{"line":12,"column":6},"end":{"line":14,"column":9}},"7":{"start":{"line":17,"column":4},"end":{"line":17,"column":25}},"8":{"start":{"line":19,"column":4},"end":{"line":22,"column":7}},"9":{"start":{"line":24,"column":4},"end":{"line":27,"column":7}}},"fnMap":{"0":{"name":"(anonymous_0)","decl":{"start":{"line":3,"column":17},"end":{"line":3,"column":18}},"loc":{"start":{"line":3,"column":37},"end":{"line":29,"column":1}},"line":3}},"branchMap":{"0":{"loc":{"start":{"line":11,"column":4},"end":{"line":15,"column":5}},"type":"if","locations":[{"start":{"line":11,"column":4},"end":{"line":15,"column":5}},{"start":{},"end":{}}],"line":11}},"s":{"0":5,"1":5,"2":1,"3":1,"4":1,"5":1,"6":1,"7":0,"8":0,"9":0},"f":{"0":1},"b":{"0":[1,0]},"_coverageSchema":"1a1c01bbd47fc00a2c39e90264f33305004495a9","hash":"9ceb70b781783fb77cc881d2b3ad5c133cd151d5"}
,"/media/redha/DATA1/Journey After Graduate/skill-test-hpai/routes/handler/user/get.js": {"path":"/media/redha/DATA1/Journey After Graduate/skill-test-hpai/routes/handler/user/get.js","statementMap":{"0":{"start":{"line":1,"column":17},"end":{"line":1,"column":43}},"1":{"start":{"line":3,"column":0},"end":{"line":28,"column":2}},"2":{"start":{"line":4,"column":2},"end":{"line":27,"column":3}},"3":{"start":{"line":5,"column":19},"end":{"line":5,"column":32}},"4":{"start":{"line":6,"column":17},"end":{"line":11,"column":6}},"5":{"start":{"line":12,"column":4},"end":{"line":16,"column":5}},"6":{"start":{"line":13,"column":6},"end":{"line":15,"column":9}},"7":{"start":{"line":18,"column":4},"end":{"line":21,"column":7}},"8":{"start":{"line":23,"column":4},"end":{"line":26,"column":7}}},"fnMap":{"0":{"name":"(anonymous_0)","decl":{"start":{"line":3,"column":17},"end":{"line":3,"column":18}},"loc":{"start":{"line":3,"column":37},"end":{"line":28,"column":1}},"line":3}},"branchMap":{"0":{"loc":{"start":{"line":12,"column":4},"end":{"line":16,"column":5}},"type":"if","locations":[{"start":{"line":12,"column":4},"end":{"line":16,"column":5}},{"start":{},"end":{}}],"line":12}},"s":{"0":5,"1":5,"2":1,"3":1,"4":1,"5":1,"6":1,"7":0,"8":0},"f":{"0":1},"b":{"0":[1,0]},"_coverageSchema":"1a1c01bbd47fc00a2c39e90264f33305004495a9","hash":"7137f8f29df836ae6e513b4d8e9071b250796d9f"}
,"/media/redha/DATA1/Journey After Graduate/skill-test-hpai/routes/handler/user/getAll.js": {"path":"/media/redha/DATA1/Journey After Graduate/skill-test-hpai/routes/handler/user/getAll.js","statementMap":{"0":{"start":{"line":1,"column":17},"end":{"line":1,"column":43}},"1":{"start":{"line":3,"column":0},"end":{"line":24,"column":2}},"2":{"start":{"line":4,"column":2},"end":{"line":23,"column":3}},"3":{"start":{"line":5,"column":18},"end":{"line":7,"column":6}},"4":{"start":{"line":8,"column":4},"end":{"line":12,"column":5}},"5":{"start":{"line":9,"column":6},"end":{"line":11,"column":9}},"6":{"start":{"line":14,"column":4},"end":{"line":17,"column":7}},"7":{"start":{"line":19,"column":4},"end":{"line":22,"column":7}}},"fnMap":{"0":{"name":"(anonymous_0)","decl":{"start":{"line":3,"column":17},"end":{"line":3,"column":18}},"loc":{"start":{"line":3,"column":37},"end":{"line":24,"column":1}},"line":3}},"branchMap":{"0":{"loc":{"start":{"line":8,"column":4},"end":{"line":12,"column":5}},"type":"if","locations":[{"start":{"line":8,"column":4},"end":{"line":12,"column":5}},{"start":{},"end":{}}],"line":8}},"s":{"0":5,"1":5,"2":1,"3":1,"4":1,"5":0,"6":1,"7":0},"f":{"0":1},"b":{"0":[0,1]},"_coverageSchema":"1a1c01bbd47fc00a2c39e90264f33305004495a9","hash":"6b5051176f2df4fc8fceb3402a09526766d1d89f"}
,"/media/redha/DATA1/Journey After Graduate/skill-test-hpai/routes/handler/user/index.js": {"path":"/media/redha/DATA1/Journey After Graduate/skill-test-hpai/routes/handler/user/index.js","statementMap":{"0":{"start":{"line":1,"column":15},"end":{"line":1,"column":34}},"1":{"start":{"line":2,"column":17},"end":{"line":2,"column":38}},"2":{"start":{"line":3,"column":12},"end":{"line":3,"column":28}},"3":{"start":{"line":4,"column":13},"end":{"line":4,"column":32}},"4":{"start":{"line":5,"column":14},"end":{"line":5,"column":32}},"5":{"start":{"line":7,"column":0},"end":{"line":13,"column":2}}},"fnMap":{},"branchMap":{},"s":{"0":5,"1":5,"2":5,"3":5,"4":5,"5":5},"f":{},"b":{},"_coverageSchema":"1a1c01bbd47fc00a2c39e90264f33305004495a9","hash":"1ad57ce0bdf97533eccc80251a7e6cee0c165b8f"}
,"/media/redha/DATA1/Journey After Graduate/skill-test-hpai/routes/handler/user/login.js": {"path":"/media/redha/DATA1/Journey After Graduate/skill-test-hpai/routes/handler/user/login.js","statementMap":{"0":{"start":{"line":1,"column":15},"end":{"line":1,"column":32}},"1":{"start":{"line":2,"column":12},"end":{"line":2,"column":35}},"2":{"start":{"line":3,"column":18},"end":{"line":3,"column":46}},"3":{"start":{"line":4,"column":10},"end":{"line":4,"column":25}},"4":{"start":{"line":5,"column":17},"end":{"line":5,"column":43}},"5":{"start":{"line":7,"column":36},"end":{"line":7,"column":47}},"6":{"start":{"line":9,"column":0},"end":{"line":75,"column":2}},"7":{"start":{"line":10,"column":2},"end":{"line":74,"column":3}},"8":{"start":{"line":11,"column":19},"end":{"line":14,"column":5}},"9":{"start":{"line":16,"column":21},"end":{"line":16,"column":49}},"10":{"start":{"line":17,"column":4},"end":{"line":22,"column":5}},"11":{"start":{"line":18,"column":6},"end":{"line":21,"column":9}},"12":{"start":{"line":24,"column":32},"end":{"line":24,"column":40}},"13":{"start":{"line":26,"column":17},"end":{"line":30,"column":6}},"14":{"start":{"line":32,"column":4},"end":{"line":37,"column":5}},"15":{"start":{"line":33,"column":6},"end":{"line":36,"column":9}},"16":{"start":{"line":39,"column":28},"end":{"line":39,"column":73}},"17":{"start":{"line":40,"column":4},"end":{"line":45,"column":5}},"18":{"start":{"line":41,"column":6},"end":{"line":44,"column":9}},"19":{"start":{"line":47,"column":18},"end":{"line":57,"column":5}},"20":{"start":{"line":59,"column":4},"end":{"line":68,"column":7}},"21":{"start":{"line":70,"column":4},"end":{"line":73,"column":7}}},"fnMap":{"0":{"name":"(anonymous_0)","decl":{"start":{"line":9,"column":17},"end":{"line":9,"column":18}},"loc":{"start":{"line":9,"column":37},"end":{"line":75,"column":1}},"line":9}},"branchMap":{"0":{"loc":{"start":{"line":17,"column":4},"end":{"line":22,"column":5}},"type":"if","locations":[{"start":{"line":17,"column":4},"end":{"line":22,"column":5}},{"start":{},"end":{}}],"line":17},"1":{"loc":{"start":{"line":32,"column":4},"end":{"line":37,"column":5}},"type":"if","locations":[{"start":{"line":32,"column":4},"end":{"line":37,"column":5}},{"start":{},"end":{}}],"line":32},"2":{"loc":{"start":{"line":40,"column":4},"end":{"line":45,"column":5}},"type":"if","locations":[{"start":{"line":40,"column":4},"end":{"line":45,"column":5}},{"start":{},"end":{}}],"line":40}},"s":{"0":5,"1":5,"2":5,"3":5,"4":5,"5":5,"6":5,"7":4,"8":4,"9":4,"10":4,"11":1,"12":3,"13":3,"14":3,"15":1,"16":2,"17":2,"18":1,"19":1,"20":1,"21":0},"f":{"0":4},"b":{"0":[1,3],"1":[1,2],"2":[1,1]},"_coverageSchema":"1a1c01bbd47fc00a2c39e90264f33305004495a9","hash":"cf903eb3a6923c807bb2ec7fb8a7d20a64ef12de"}
,"/media/redha/DATA1/Journey After Graduate/skill-test-hpai/routes/handler/user/register.js": {"path":"/media/redha/DATA1/Journey After Graduate/skill-test-hpai/routes/handler/user/register.js","statementMap":{"0":{"start":{"line":1,"column":17},"end":{"line":1,"column":43}},"1":{"start":{"line":2,"column":15},"end":{"line":2,"column":32}},"2":{"start":{"line":3,"column":18},"end":{"line":3,"column":46}},"3":{"start":{"line":4,"column":10},"end":{"line":4,"column":25}},"4":{"start":{"line":6,"column":0},"end":{"line":60,"column":2}},"5":{"start":{"line":7,"column":2},"end":{"line":59,"column":3}},"6":{"start":{"line":8,"column":19},"end":{"line":13,"column":5}},"7":{"start":{"line":15,"column":21},"end":{"line":15,"column":49}},"8":{"start":{"line":16,"column":4},"end":{"line":21,"column":5}},"9":{"start":{"line":17,"column":6},"end":{"line":20,"column":9}},"10":{"start":{"line":23,"column":44},"end":{"line":23,"column":52}},"11":{"start":{"line":25,"column":23},"end":{"line":29,"column":6}},"12":{"start":{"line":31,"column":4},"end":{"line":36,"column":5}},"13":{"start":{"line":32,"column":6},"end":{"line":35,"column":9}},"14":{"start":{"line":38,"column":25},"end":{"line":38,"column":56}},"15":{"start":{"line":39,"column":17},"end":{"line":44,"column":5}},"16":{"start":{"line":46,"column":20},"end":{"line":46,"column":43}},"17":{"start":{"line":47,"column":4},"end":{"line":53,"column":7}},"18":{"start":{"line":55,"column":4},"end":{"line":58,"column":7}}},"fnMap":{"0":{"name":"(anonymous_0)","decl":{"start":{"line":6,"column":17},"end":{"line":6,"column":18}},"loc":{"start":{"line":6,"column":37},"end":{"line":60,"column":1}},"line":6}},"branchMap":{"0":{"loc":{"start":{"line":16,"column":4},"end":{"line":21,"column":5}},"type":"if","locations":[{"start":{"line":16,"column":4},"end":{"line":21,"column":5}},{"start":{},"end":{}}],"line":16},"1":{"loc":{"start":{"line":31,"column":4},"end":{"line":36,"column":5}},"type":"if","locations":[{"start":{"line":31,"column":4},"end":{"line":36,"column":5}},{"start":{},"end":{}}],"line":31}},"s":{"0":5,"1":5,"2":5,"3":5,"4":5,"5":3,"6":3,"7":3,"8":3,"9":1,"10":2,"11":2,"12":2,"13":1,"14":1,"15":1,"16":1,"17":1,"18":0},"f":{"0":3},"b":{"0":[1,2],"1":[1,1]},"_coverageSchema":"1a1c01bbd47fc00a2c39e90264f33305004495a9","hash":"29b52d709536735daba9280942970a24f64d74b2"}
}
