TN:
SF:app.js
FNF:0
FNH:0
DA:1,5
DA:2,5
DA:3,5
DA:4,5
DA:6,5
DA:8,5
DA:10,5
DA:11,5
DA:12,5
DA:13,5
DA:14,5
DA:16,5
DA:18,5
LF:13
LH:13
BRF:0
BRH:0
end_of_record
TN:
SF:config/config.js
FNF:0
FNH:0
DA:1,5
DA:3,5
DA:4,5
LF:3
LH:3
BRF:0
BRH:0
end_of_record
TN:
SF:middlewares/permission.js
FN:1,(anonymous_0)
FN:2,(anonymous_1)
FNF:2
FNH:2
FNDA:15,(anonymous_0)
FNDA:3,(anonymous_1)
DA:1,5
DA:2,15
DA:3,3
DA:4,3
DA:5,0
DA:11,3
LF:6
LH:5
BRDA:4,0,0,0
BRDA:4,0,1,3
BRF:2
BRH:1
end_of_record
TN:
SF:middlewares/verifyToken.js
FN:5,(anonymous_0)
FNF:1
FNH:1
FNDA:3,(anonymous_0)
DA:1,5
DA:2,5
DA:3,5
DA:5,5
DA:6,3
DA:7,3
DA:8,0
DA:10,3
DA:11,3
DA:13,3
DA:18,3
DA:19,0
DA:22,3
DA:23,3
DA:25,0
LF:15
LH:12
BRDA:7,0,0,0
BRDA:7,0,1,3
BRDA:18,1,0,0
BRDA:18,1,1,3
BRF:4
BRH:2
end_of_record
TN:
SF:models/User.js
FN:1,(anonymous_0)
FNF:1
FNH:1
FNDA:5,(anonymous_0)
DA:1,5
DA:2,5
DA:46,5
LF:3
LH:3
BRF:0
BRH:0
end_of_record
TN:
SF:models/index.js
FN:21,(anonymous_0)
FN:24,(anonymous_1)
FN:29,(anonymous_2)
FNF:3
FNH:3
FNDA:10,(anonymous_0)
FNDA:5,(anonymous_1)
FNDA:5,(anonymous_2)
DA:3,5
DA:4,5
DA:5,5
DA:6,5
DA:7,5
DA:8,5
DA:9,5
DA:10,5
DA:13,5
DA:14,0
DA:16,5
DA:19,5
DA:22,10
DA:25,5
DA:26,5
DA:29,5
DA:30,5
DA:31,0
DA:35,5
DA:36,5
DA:38,5
LF:21
LH:19
BRDA:8,0,0,5
BRDA:8,0,1,0
BRDA:13,1,0,0
BRDA:13,1,1,5
BRDA:22,2,0,10
BRDA:22,2,1,10
BRDA:22,2,2,5
BRDA:30,3,0,0
BRDA:30,3,1,5
BRF:9
BRH:6
end_of_record
TN:
SF:routes/users.js
FNF:0
FNH:0
DA:1,5
DA:2,5
DA:3,5
DA:4,5
DA:5,5
DA:7,5
DA:8,5
DA:9,5
DA:10,5
DA:11,5
DA:13,5
LF:11
LH:11
BRF:0
BRH:0
end_of_record
TN:
SF:routes/handler/user/delete.js
FN:3,(anonymous_0)
FNF:1
FNH:1
FNDA:1,(anonymous_0)
DA:1,5
DA:3,5
DA:4,1
DA:5,1
DA:6,1
DA:11,1
DA:12,1
DA:17,0
DA:19,0
DA:24,0
LF:10
LH:7
BRDA:11,0,0,1
BRDA:11,0,1,0
BRF:2
BRH:1
end_of_record
TN:
SF:routes/handler/user/get.js
FN:3,(anonymous_0)
FNF:1
FNH:1
FNDA:1,(anonymous_0)
DA:1,5
DA:3,5
DA:4,1
DA:5,1
DA:6,1
DA:12,1
DA:13,1
DA:18,0
DA:23,0
LF:9
LH:7
BRDA:12,0,0,1
BRDA:12,0,1,0
BRF:2
BRH:1
end_of_record
TN:
SF:routes/handler/user/getAll.js
FN:3,(anonymous_0)
FNF:1
FNH:1
FNDA:1,(anonymous_0)
DA:1,5
DA:3,5
DA:4,1
DA:5,1
DA:8,1
DA:9,0
DA:14,1
DA:19,0
LF:8
LH:6
BRDA:8,0,0,0
BRDA:8,0,1,1
BRF:2
BRH:1
end_of_record
TN:
SF:routes/handler/user/index.js
FNF:0
FNH:0
DA:1,5
DA:2,5
DA:3,5
DA:4,5
DA:5,5
DA:7,5
LF:6
LH:6
BRF:0
BRH:0
end_of_record
TN:
SF:routes/handler/user/login.js
FN:9,(anonymous_0)
FNF:1
FNH:1
FNDA:4,(anonymous_0)
DA:1,5
DA:2,5
DA:3,5
DA:4,5
DA:5,5
DA:7,5
DA:9,5
DA:10,4
DA:11,4
DA:16,4
DA:17,4
DA:18,1
DA:24,3
DA:26,3
DA:32,3
DA:33,1
DA:39,2
DA:40,2
DA:41,1
DA:47,1
DA:59,1
DA:70,0
LF:22
LH:21
BRDA:17,0,0,1
BRDA:17,0,1,3
BRDA:32,1,0,1
BRDA:32,1,1,2
BRDA:40,2,0,1
BRDA:40,2,1,1
BRF:6
BRH:6
end_of_record
TN:
SF:routes/handler/user/register.js
FN:6,(anonymous_0)
FNF:1
FNH:1
FNDA:3,(anonymous_0)
DA:1,5
DA:2,5
DA:3,5
DA:4,5
DA:6,5
DA:7,3
DA:8,3
DA:15,3
DA:16,3
DA:17,1
DA:23,2
DA:25,2
DA:31,2
DA:32,1
DA:38,1
DA:39,1
DA:46,1
DA:47,1
DA:55,0
LF:19
LH:18
BRDA:16,0,0,1
BRDA:16,0,1,2
BRDA:31,1,0,1
BRDA:31,1,1,1
BRF:4
BRH:4
end_of_record
